<?xml version="1.0" encoding="UTF-8"?>
<!-- Generated by org.testng.reporters.JUnitXMLReporter -->
<testsuite ignored="0" hostname="LAPTOP-J6DB108C" failures="0" tests="4" name="Default test" time="2.974" errors="0" timestamp="2023-05-22T17:05:49 IST">
  <testcase classname="com.api.basecom.API.TestCases.TC_05_Delete_user" name="checkResponseBody" time="0.006"/>
  <testcase classname="com.api.basecom.API.TestCases.TC_05_Delete_user" name="checkResponseTime" time="0.003"/>
  <testcase classname="com.api.basecom.API.TestCases.TC_05_Delete_user" name="checkStatusCode" time="0.001"/>
  <testcase classname="com.api.basecom.API.TestCases.TC_05_Delete_user" name="checkStatusLine" time="0.0"/>
</testsuite> <!-- Default test -->
