<?xml version="1.0" encoding="UTF-8"?>
<!-- Generated by org.testng.reporters.JUnitXMLReporter -->
<testsuite ignored="0" hostname="LAPTOP-J6DB108C" failures="0" tests="24" name="Test" time="5.757" errors="0" timestamp="2023-05-22T17:30:14 IST">
  <testcase classname="com.APITestCases.TC_04_PUT_Update_User" name="checkContentType" time="0.006"/>
  <testcase classname="com.APITestCases.TC_04_PUT_Update_User" name="checkResponseBody" time="0.017"/>
  <testcase classname="com.APITestCases.TC_04_PUT_Update_User" name="checkResponseTime" time="0.002"/>
  <testcase classname="com.APITestCases.TC_04_PUT_Update_User" name="checkStatusCode" time="0.001"/>
  <testcase classname="com.APITestCases.TC_04_PUT_Update_User" name="checkStatusLine" time="0.001"/>
  <testcase classname="com.APITestCases.TC_05_Delete_user" name="checkResponseBody" time="0.003"/>
  <testcase classname="com.APITestCases.TC_05_Delete_user" name="checkResponseTime" time="0.001"/>
  <testcase classname="com.APITestCases.TC_05_Delete_user" name="checkStatusCode" time="0.006"/>
  <testcase classname="com.APITestCases.TC_05_Delete_user" name="checkStatusLine" time="0.001"/>
  <testcase classname="com.APITestCases.TC_01_GET_All_User_Details" name="checkResponseBody" time="0.002"/>
  <testcase classname="com.APITestCases.TC_01_GET_All_User_Details" name="checkResponseTime" time="0.001"/>
  <testcase classname="com.APITestCases.TC_01_GET_All_User_Details" name="checkStatusCode" time="0.001"/>
  <testcase classname="com.APITestCases.TC_01_GET_All_User_Details" name="checkStatusLine" time="0.001"/>
  <testcase classname="com.APITestCases.TC_03_Post_new_User_Record" name="checkContentType" time="0.001"/>
  <testcase classname="com.APITestCases.TC_03_Post_new_User_Record" name="checkResponseBody" time="0.0"/>
  <testcase classname="com.APITestCases.TC_03_Post_new_User_Record" name="checkResponseTime" time="0.0"/>
  <testcase classname="com.APITestCases.TC_03_Post_new_User_Record" name="checkStatusCode" time="0.0"/>
  <testcase classname="com.APITestCases.TC_03_Post_new_User_Record" name="checkStatusLine" time="0.0"/>
  <testcase classname="com.APITestCases.TC_02_Get_Single_User_Details" name="checkContentEncoding" time="0.001"/>
  <testcase classname="com.APITestCases.TC_02_Get_Single_User_Details" name="checkContentType" time="0.0"/>
  <testcase classname="com.APITestCases.TC_02_Get_Single_User_Details" name="checkResponseBody" time="0.001"/>
  <testcase classname="com.APITestCases.TC_02_Get_Single_User_Details" name="checkResponseTime" time="0.001"/>
  <testcase classname="com.APITestCases.TC_02_Get_Single_User_Details" name="checkStatusCode" time="0.001"/>
  <testcase classname="com.APITestCases.TC_02_Get_Single_User_Details" name="checkStatusLine" time="0.0"/>
</testsuite> <!-- Test -->
