<?xml version="1.0" encoding="UTF-8"?>
<testng-results ignored="0" total="1" passed="1" failed="0" skipped="0">
  <reporter-output>
  </reporter-output>
  <suite started-at="2023-06-12T15:55:47 IST" name="Default suite" finished-at="2023-06-12T15:55:49 IST" duration-ms="2128">
    <groups>
    </groups>
    <test started-at="2023-06-12T15:55:47 IST" name="Default test" finished-at="2023-06-12T15:55:49 IST" duration-ms="2128">
      <class name="pkg.api.TC_002_POST_Request_CreateNewUser">
        <test-method signature="registerUser()[pri:0, instance:pkg.api.TC_002_POST_Request_CreateNewUser@f6efaab]" started-at="2023-06-12T15:55:47 IST" name="registerUser" finished-at="2023-06-12T15:55:49 IST" duration-ms="2100" status="PASS">
          <reporter-output>
          </reporter-output>
        </test-method> <!-- registerUser -->
      </class> <!-- pkg.api.TC_002_POST_Request_CreateNewUser -->
    </test> <!-- Default test -->
  </suite> <!-- Default suite -->
</testng-results>
